TN:
SF:src\router.ts
FN:34,(anonymous_0)
FN:53,(anonymous_1)
FNF:2
FNH:2
FNDA:3,(anonymous_0)
FNDA:5,(anonymous_1)
DA:1,2
DA:2,2
DA:3,2
DA:4,2
DA:6,2
DA:9,2
DA:15,2
DA:23,2
DA:34,3
DA:40,2
DA:53,5
DA:62,2
DA:71,2
DA:80,2
LF:14
LH:14
BRF:0
BRH:0
end_of_record
TN:
SF:src\server.ts
FN:9,connectDB
FN:30,(anonymous_2)
FNF:2
FNH:2
FNDA:2,connectDB
FNDA:1,(anonymous_2)
DA:3,2
DA:4,2
DA:5,2
DA:6,2
DA:10,2
DA:11,2
DA:12,1
DA:16,0
DA:20,2
DA:23,2
DA:26,2
DA:28,2
DA:30,2
DA:31,1
DA:35,2
LF:15
LH:14
BRF:0
BRH:0
end_of_record
TN:
SF:src\config\db.ts
FNF:0
FNH:0
DA:1,2
DA:2,2
DA:4,2
DA:6,2
DA:11,2
LF:5
LH:5
BRF:0
BRH:0
end_of_record
TN:
SF:src\handlers\product.ts
FN:5,(anonymous_1)
FN:14,(anonymous_2)
FN:30,(anonymous_3)
FN:37,(anonymous_4)
FN:58,(anonymous_5)
FN:79,(anonymous_6)
FNF:6
FNH:6
FNDA:2,(anonymous_1)
FNDA:2,(anonymous_2)
FNDA:1,(anonymous_3)
FNDA:2,(anonymous_4)
FNDA:1,(anonymous_5)
FNDA:2,(anonymous_6)
DA:2,2
DA:5,2
DA:7,2
DA:10,2
DA:14,2
DA:16,2
DA:17,2
DA:19,2
DA:20,1
DA:25,1
DA:30,2
DA:32,1
DA:33,1
DA:37,2
DA:40,2
DA:41,2
DA:43,2
DA:44,1
DA:50,1
DA:51,1
DA:53,1
DA:58,2
DA:61,1
DA:62,1
DA:64,1
DA:65,1
DA:71,0
DA:72,0
DA:74,0
DA:79,2
DA:82,2
DA:83,2
DA:85,2
DA:86,1
DA:91,1
DA:92,1
LF:36
LH:33
BRDA:19,0,0,1
BRDA:43,1,0,1
BRDA:64,2,0,1
BRDA:85,3,0,1
BRF:4
BRH:4
end_of_record
TN:
SF:src\middleware\index.ts
FN:6,(anonymous_0)
FNF:1
FNH:1
FNDA:15,(anonymous_0)
DA:4,2
DA:6,2
DA:8,15
DA:9,15
DA:10,7
DA:13,8
LF:6
LH:6
BRDA:9,0,0,7
BRF:1
BRH:1
end_of_record
TN:
SF:src\models\Product.model.ts
FNF:0
FNH:0
DA:3,2
DA:11,2
DA:16,2
DA:21,2
DA:27,2
DA:31,2
LF:6
LH:6
BRF:0
BRH:0
end_of_record
