TN:
SF:src\router.ts
FN:34,(anonymous_0)
FN:53,(anonymous_1)
FNF:2
FNH:0
FNDA:0,(anonymous_0)
FNDA:0,(anonymous_1)
DA:1,2
DA:2,2
DA:3,2
DA:4,2
DA:6,2
DA:9,2
DA:15,2
DA:23,2
DA:34,0
DA:40,2
DA:53,0
DA:62,2
DA:71,2
DA:80,2
LF:14
LH:12
BRF:0
BRH:0
end_of_record
TN:
SF:src\server.ts
FN:11,connectDB
FN:29,(anonymous_2)
FN:48,(anonymous_3)
FNF:3
FNH:2
FNDA:3,connectDB
FNDA:19,(anonymous_2)
FNDA:0,(anonymous_3)
DA:3,2
DA:4,2
DA:5,2
DA:6,2
DA:7,2
DA:8,2
DA:11,2
DA:12,3
DA:13,3
DA:14,2
DA:18,1
DA:22,2
DA:25,2
DA:28,2
DA:30,19
DA:31,0
DA:33,19
DA:39,2
DA:42,2
DA:44,2
DA:46,2
DA:48,2
DA:49,0
DA:53,2
LF:24
LH:22
BRDA:30,0,0,0
BRDA:30,0,1,19
BRF:2
BRH:1
end_of_record
TN:
SF:src\config\db.ts
FNF:0
FNH:0
DA:1,2
DA:2,2
DA:4,2
DA:6,2
DA:11,2
LF:5
LH:5
BRF:0
BRH:0
end_of_record
TN:
SF:src\handlers\product.ts
FN:5,(anonymous_1)
FN:14,(anonymous_2)
FN:30,(anonymous_3)
FN:37,(anonymous_4)
FN:58,(anonymous_5)
FN:79,(anonymous_6)
FNF:6
FNH:0
FNDA:0,(anonymous_1)
FNDA:0,(anonymous_2)
FNDA:0,(anonymous_3)
FNDA:0,(anonymous_4)
FNDA:0,(anonymous_5)
FNDA:0,(anonymous_6)
DA:2,2
DA:5,2
DA:7,0
DA:10,0
DA:14,2
DA:16,0
DA:17,0
DA:19,0
DA:20,0
DA:25,0
DA:30,2
DA:32,0
DA:33,0
DA:37,2
DA:40,0
DA:41,0
DA:43,0
DA:44,0
DA:50,0
DA:51,0
DA:53,0
DA:58,2
DA:61,0
DA:62,0
DA:64,0
DA:65,0
DA:71,0
DA:72,0
DA:74,0
DA:79,2
DA:82,0
DA:83,0
DA:85,0
DA:86,0
DA:91,0
DA:92,0
LF:36
LH:7
BRDA:19,0,0,0
BRDA:43,1,0,0
BRDA:64,2,0,0
BRDA:85,3,0,0
BRF:4
BRH:0
end_of_record
TN:
SF:src\middleware\index.ts
FN:6,(anonymous_0)
FNF:1
FNH:0
FNDA:0,(anonymous_0)
DA:4,2
DA:6,2
DA:8,0
DA:9,0
DA:10,0
DA:13,0
LF:6
LH:2
BRDA:9,0,0,0
BRF:1
BRH:0
end_of_record
TN:
SF:src\models\Product.model.ts
FNF:0
FNH:0
DA:3,3
DA:11,3
DA:16,3
DA:21,3
DA:27,3
DA:31,3
LF:6
LH:6
BRF:0
BRH:0
end_of_record
